<?xml version="1.0" encoding="UTF-8"?>
<testng-results ignored="0" total="24" passed="24" failed="0" skipped="0">
  <reporter-output>
  </reporter-output>
  <suite started-at="2025-08-12T12:55:18 IST" name="Default suite" finished-at="2025-08-12T12:55:41 IST" duration-ms="22680">
    <groups>
      <group name="cucumber">
        <method signature="AbstractTestNGCucumberTests.runScenario(io.cucumber.testng.PickleWrapper,io.cucumber.testng.FeatureWrapper)[pri:0, instance:testRunner.TestRunner@11fc564b]" name="runScenario" class="io.cucumber.testng.AbstractTestNGCucumberTests"/>
      </group> <!-- cucumber -->
    </groups>
    <test started-at="2025-08-12T12:55:18 IST" name="Default test" finished-at="2025-08-12T12:55:41 IST" duration-ms="22680">
      <class name="testRunner.TestRunner">
        <test-method is-config="true" signature="startBrowser()[pri:0, instance:testRunner.TestRunner@11fc564b]" started-at="2025-08-12T12:55:16 IST" name="startBrowser" finished-at="2025-08-12T12:55:18 IST" duration-ms="2011" status="PASS">
          <reporter-output>
          </reporter-output>
        </test-method> <!-- startBrowser -->
        <test-method is-config="true" signature="setUpClass(org.testng.ITestContext)[pri:0, instance:testRunner.TestRunner@11fc564b]" started-at="2025-08-12T12:55:18 IST" name="setUpClass" finished-at="2025-08-12T12:55:19 IST" duration-ms="377" status="PASS">
          <params>
            <param index="0">
              <value>
                <![CDATA[org.testng.TestRunner@5c81ddab]]>
              </value>
            </param>
          </params>
          <reporter-output>
          </reporter-output>
        </test-method> <!-- setUpClass -->
        <test-method signature="runScenario(io.cucumber.testng.PickleWrapper,io.cucumber.testng.FeatureWrapper)[pri:0, instance:testRunner.TestRunner@11fc564b]" started-at="2025-08-12T12:55:19 IST" name="runScenario" description="Runs Cucumber Scenarios" data-provider="scenarios" finished-at="2025-08-12T12:55:20 IST" duration-ms="1798" status="PASS">
          <params>
            <param index="0">
              <value>
                <![CDATA["Check for valid and invalid phone number format"]]>
              </value>
            </param>
            <param index="1">
              <value>
                <![CDATA["Hotel Booking – Input Format Validation"]]>
              </value>
            </param>
          </params>
          <reporter-output>
          </reporter-output>
        </test-method> <!-- runScenario -->
        <test-method signature="runScenario(io.cucumber.testng.PickleWrapper,io.cucumber.testng.FeatureWrapper)[pri:0, instance:testRunner.TestRunner@11fc564b]" started-at="2025-08-12T12:55:20 IST" name="runScenario" description="Runs Cucumber Scenarios" data-provider="scenarios" finished-at="2025-08-12T12:55:22 IST" duration-ms="1265" status="PASS">
          <params>
            <param index="0">
              <value>
                <![CDATA["Check for valid and invalid phone number format"]]>
              </value>
            </param>
            <param index="1">
              <value>
                <![CDATA["Hotel Booking – Input Format Validation"]]>
              </value>
            </param>
          </params>
          <reporter-output>
          </reporter-output>
        </test-method> <!-- runScenario -->
        <test-method signature="runScenario(io.cucumber.testng.PickleWrapper,io.cucumber.testng.FeatureWrapper)[pri:0, instance:testRunner.TestRunner@11fc564b]" started-at="2025-08-12T12:55:22 IST" name="runScenario" description="Runs Cucumber Scenarios" data-provider="scenarios" finished-at="2025-08-12T12:55:23 IST" duration-ms="1284" status="PASS">
          <params>
            <param index="0">
              <value>
                <![CDATA["Validate past check-in date"]]>
              </value>
            </param>
            <param index="1">
              <value>
                <![CDATA["Hotel Booking – Input Format Validation"]]>
              </value>
            </param>
          </params>
          <reporter-output>
          </reporter-output>
        </test-method> <!-- runScenario -->
        <test-method signature="runScenario(io.cucumber.testng.PickleWrapper,io.cucumber.testng.FeatureWrapper)[pri:0, instance:testRunner.TestRunner@11fc564b]" started-at="2025-08-12T12:55:23 IST" name="runScenario" description="Runs Cucumber Scenarios" data-provider="scenarios" finished-at="2025-08-12T12:55:23 IST" duration-ms="218" status="PASS">
          <params>
            <param index="0">
              <value>
                <![CDATA["Validate past check-in date"]]>
              </value>
            </param>
            <param index="1">
              <value>
                <![CDATA["Hotel Booking – Input Format Validation"]]>
              </value>
            </param>
          </params>
          <reporter-output>
          </reporter-output>
        </test-method> <!-- runScenario -->
        <test-method signature="runScenario(io.cucumber.testng.PickleWrapper,io.cucumber.testng.FeatureWrapper)[pri:0, instance:testRunner.TestRunner@11fc564b]" started-at="2025-08-12T12:55:23 IST" name="runScenario" description="Runs Cucumber Scenarios" data-provider="scenarios" finished-at="2025-08-12T12:55:23 IST" duration-ms="70" status="PASS">
          <params>
            <param index="0">
              <value>
                <![CDATA["Validate visibility of required fields on Hotel Booking page"]]>
              </value>
            </param>
            <param index="1">
              <value>
                <![CDATA["Hotel Booking – Input Format Validation"]]>
              </value>
            </param>
          </params>
          <reporter-output>
          </reporter-output>
        </test-method> <!-- runScenario -->
        <test-method signature="runScenario(io.cucumber.testng.PickleWrapper,io.cucumber.testng.FeatureWrapper)[pri:0, instance:testRunner.TestRunner@11fc564b]" started-at="2025-08-12T12:55:23 IST" name="runScenario" description="Runs Cucumber Scenarios" data-provider="scenarios" finished-at="2025-08-12T12:55:23 IST" duration-ms="68" status="PASS">
          <params>
            <param index="0">
              <value>
                <![CDATA["Validate visibility of required fields on Hotel Booking page"]]>
              </value>
            </param>
            <param index="1">
              <value>
                <![CDATA["Hotel Booking – Input Format Validation"]]>
              </value>
            </param>
          </params>
          <reporter-output>
          </reporter-output>
        </test-method> <!-- runScenario -->
        <test-method signature="runScenario(io.cucumber.testng.PickleWrapper,io.cucumber.testng.FeatureWrapper)[pri:0, instance:testRunner.TestRunner@11fc564b]" started-at="2025-08-12T12:55:23 IST" name="runScenario" description="Runs Cucumber Scenarios" data-provider="scenarios" finished-at="2025-08-12T12:55:23 IST" duration-ms="67" status="PASS">
          <params>
            <param index="0">
              <value>
                <![CDATA["Validate visibility of required fields on Hotel Booking page"]]>
              </value>
            </param>
            <param index="1">
              <value>
                <![CDATA["Hotel Booking – Input Format Validation"]]>
              </value>
            </param>
          </params>
          <reporter-output>
          </reporter-output>
        </test-method> <!-- runScenario -->
        <test-method signature="runScenario(io.cucumber.testng.PickleWrapper,io.cucumber.testng.FeatureWrapper)[pri:0, instance:testRunner.TestRunner@11fc564b]" started-at="2025-08-12T12:55:23 IST" name="runScenario" description="Runs Cucumber Scenarios" data-provider="scenarios" finished-at="2025-08-12T12:55:23 IST" duration-ms="60" status="PASS">
          <params>
            <param index="0">
              <value>
                <![CDATA["Validate visibility of required fields on Hotel Booking page"]]>
              </value>
            </param>
            <param index="1">
              <value>
                <![CDATA["Hotel Booking – Input Format Validation"]]>
              </value>
            </param>
          </params>
          <reporter-output>
          </reporter-output>
        </test-method> <!-- runScenario -->
        <test-method signature="runScenario(io.cucumber.testng.PickleWrapper,io.cucumber.testng.FeatureWrapper)[pri:0, instance:testRunner.TestRunner@11fc564b]" started-at="2025-08-12T12:55:23 IST" name="runScenario" description="Runs Cucumber Scenarios" data-provider="scenarios" finished-at="2025-08-12T12:55:24 IST" duration-ms="71" status="PASS">
          <params>
            <param index="0">
              <value>
                <![CDATA["Validate visibility of required fields on Hotel Booking page"]]>
              </value>
            </param>
            <param index="1">
              <value>
                <![CDATA["Hotel Booking – Input Format Validation"]]>
              </value>
            </param>
          </params>
          <reporter-output>
          </reporter-output>
        </test-method> <!-- runScenario -->
        <test-method signature="runScenario(io.cucumber.testng.PickleWrapper,io.cucumber.testng.FeatureWrapper)[pri:0, instance:testRunner.TestRunner@11fc564b]" started-at="2025-08-12T12:55:24 IST" name="runScenario" description="Runs Cucumber Scenarios" data-provider="scenarios" finished-at="2025-08-12T12:55:24 IST" duration-ms="73" status="PASS">
          <params>
            <param index="0">
              <value>
                <![CDATA["Validate visibility of required fields on Hotel Booking page"]]>
              </value>
            </param>
            <param index="1">
              <value>
                <![CDATA["Hotel Booking – Input Format Validation"]]>
              </value>
            </param>
          </params>
          <reporter-output>
          </reporter-output>
        </test-method> <!-- runScenario -->
        <test-method signature="runScenario(io.cucumber.testng.PickleWrapper,io.cucumber.testng.FeatureWrapper)[pri:0, instance:testRunner.TestRunner@11fc564b]" started-at="2025-08-12T12:55:24 IST" name="runScenario" description="Runs Cucumber Scenarios" data-provider="scenarios" finished-at="2025-08-12T12:55:24 IST" duration-ms="66" status="PASS">
          <params>
            <param index="0">
              <value>
                <![CDATA["Validate visibility of required fields on Hotel Booking page"]]>
              </value>
            </param>
            <param index="1">
              <value>
                <![CDATA["Hotel Booking – Input Format Validation"]]>
              </value>
            </param>
          </params>
          <reporter-output>
          </reporter-output>
        </test-method> <!-- runScenario -->
        <test-method signature="runScenario(io.cucumber.testng.PickleWrapper,io.cucumber.testng.FeatureWrapper)[pri:0, instance:testRunner.TestRunner@11fc564b]" started-at="2025-08-12T12:55:24 IST" name="runScenario" description="Runs Cucumber Scenarios" data-provider="scenarios" finished-at="2025-08-12T12:55:24 IST" duration-ms="72" status="PASS">
          <params>
            <param index="0">
              <value>
                <![CDATA["Validate visibility of required fields on Hotel Booking page"]]>
              </value>
            </param>
            <param index="1">
              <value>
                <![CDATA["Hotel Booking – Input Format Validation"]]>
              </value>
            </param>
          </params>
          <reporter-output>
          </reporter-output>
        </test-method> <!-- runScenario -->
        <test-method signature="runScenario(io.cucumber.testng.PickleWrapper,io.cucumber.testng.FeatureWrapper)[pri:0, instance:testRunner.TestRunner@11fc564b]" started-at="2025-08-12T12:55:24 IST" name="runScenario" description="Runs Cucumber Scenarios" data-provider="scenarios" finished-at="2025-08-12T12:55:24 IST" duration-ms="71" status="PASS">
          <params>
            <param index="0">
              <value>
                <![CDATA["Validate visibility of required fields on Hotel Booking page"]]>
              </value>
            </param>
            <param index="1">
              <value>
                <![CDATA["Hotel Booking – Input Format Validation"]]>
              </value>
            </param>
          </params>
          <reporter-output>
          </reporter-output>
        </test-method> <!-- runScenario -->
        <test-method signature="runScenario(io.cucumber.testng.PickleWrapper,io.cucumber.testng.FeatureWrapper)[pri:0, instance:testRunner.TestRunner@11fc564b]" started-at="2025-08-12T12:55:24 IST" name="runScenario" description="Runs Cucumber Scenarios" data-provider="scenarios" finished-at="2025-08-12T12:55:24 IST" duration-ms="73" status="PASS">
          <params>
            <param index="0">
              <value>
                <![CDATA["Validate visibility of required fields on Hotel Booking page"]]>
              </value>
            </param>
            <param index="1">
              <value>
                <![CDATA["Hotel Booking – Input Format Validation"]]>
              </value>
            </param>
          </params>
          <reporter-output>
          </reporter-output>
        </test-method> <!-- runScenario -->
        <test-method signature="runScenario(io.cucumber.testng.PickleWrapper,io.cucumber.testng.FeatureWrapper)[pri:0, instance:testRunner.TestRunner@11fc564b]" started-at="2025-08-12T12:55:24 IST" name="runScenario" description="Runs Cucumber Scenarios" data-provider="scenarios" finished-at="2025-08-12T12:55:26 IST" duration-ms="1665" status="PASS">
          <params>
            <param index="0">
              <value>
                <![CDATA["Submit the Hotel Booking form with all valid data from Excel"]]>
              </value>
            </param>
            <param index="1">
              <value>
                <![CDATA["Hotel Booking – Input Format Validation"]]>
              </value>
            </param>
          </params>
          <reporter-output>
          </reporter-output>
        </test-method> <!-- runScenario -->
        <test-method signature="runScenario(io.cucumber.testng.PickleWrapper,io.cucumber.testng.FeatureWrapper)[pri:0, instance:testRunner.TestRunner@11fc564b]" started-at="2025-08-12T12:55:26 IST" name="runScenario" description="Runs Cucumber Scenarios" data-provider="scenarios" finished-at="2025-08-12T12:55:28 IST" duration-ms="2088" status="PASS">
          <params>
            <param index="0">
              <value>
                <![CDATA["Validate booking form submission with all required fields empty"]]>
              </value>
            </param>
            <param index="1">
              <value>
                <![CDATA["Ticket Booking – Input Format Validation"]]>
              </value>
            </param>
          </params>
          <reporter-output>
          </reporter-output>
        </test-method> <!-- runScenario -->
        <test-method signature="runScenario(io.cucumber.testng.PickleWrapper,io.cucumber.testng.FeatureWrapper)[pri:0, instance:testRunner.TestRunner@11fc564b]" started-at="2025-08-12T12:55:28 IST" name="runScenario" description="Runs Cucumber Scenarios" data-provider="scenarios" finished-at="2025-08-12T12:55:30 IST" duration-ms="1853" status="PASS">
          <params>
            <param index="0">
              <value>
                <![CDATA["Validate required Booking Fields with one field missing"]]>
              </value>
            </param>
            <param index="1">
              <value>
                <![CDATA["Ticket Booking – Input Format Validation"]]>
              </value>
            </param>
          </params>
          <reporter-output>
          </reporter-output>
        </test-method> <!-- runScenario -->
        <test-method signature="runScenario(io.cucumber.testng.PickleWrapper,io.cucumber.testng.FeatureWrapper)[pri:0, instance:testRunner.TestRunner@11fc564b]" started-at="2025-08-12T12:55:30 IST" name="runScenario" description="Runs Cucumber Scenarios" data-provider="scenarios" finished-at="2025-08-12T12:55:31 IST" duration-ms="1881" status="PASS">
          <params>
            <param index="0">
              <value>
                <![CDATA["Validate required Booking Fields with one field missing"]]>
              </value>
            </param>
            <param index="1">
              <value>
                <![CDATA["Ticket Booking – Input Format Validation"]]>
              </value>
            </param>
          </params>
          <reporter-output>
          </reporter-output>
        </test-method> <!-- runScenario -->
        <test-method signature="runScenario(io.cucumber.testng.PickleWrapper,io.cucumber.testng.FeatureWrapper)[pri:0, instance:testRunner.TestRunner@11fc564b]" started-at="2025-08-12T12:55:31 IST" name="runScenario" description="Runs Cucumber Scenarios" data-provider="scenarios" finished-at="2025-08-12T12:55:33 IST" duration-ms="1755" status="PASS">
          <params>
            <param index="0">
              <value>
                <![CDATA["Validate required Booking Fields with one field missing"]]>
              </value>
            </param>
            <param index="1">
              <value>
                <![CDATA["Ticket Booking – Input Format Validation"]]>
              </value>
            </param>
          </params>
          <reporter-output>
          </reporter-output>
        </test-method> <!-- runScenario -->
        <test-method signature="runScenario(io.cucumber.testng.PickleWrapper,io.cucumber.testng.FeatureWrapper)[pri:0, instance:testRunner.TestRunner@11fc564b]" started-at="2025-08-12T12:55:33 IST" name="runScenario" description="Runs Cucumber Scenarios" data-provider="scenarios" finished-at="2025-08-12T12:55:35 IST" duration-ms="1868" status="PASS">
          <params>
            <param index="0">
              <value>
                <![CDATA["Validate required Booking Fields with one field missing"]]>
              </value>
            </param>
            <param index="1">
              <value>
                <![CDATA["Ticket Booking – Input Format Validation"]]>
              </value>
            </param>
          </params>
          <reporter-output>
          </reporter-output>
        </test-method> <!-- runScenario -->
        <test-method signature="runScenario(io.cucumber.testng.PickleWrapper,io.cucumber.testng.FeatureWrapper)[pri:0, instance:testRunner.TestRunner@11fc564b]" started-at="2025-08-12T12:55:35 IST" name="runScenario" description="Runs Cucumber Scenarios" data-provider="scenarios" finished-at="2025-08-12T12:55:37 IST" duration-ms="1963" status="PASS">
          <params>
            <param index="0">
              <value>
                <![CDATA["Validate required Booking Fields with one field missing"]]>
              </value>
            </param>
            <param index="1">
              <value>
                <![CDATA["Ticket Booking – Input Format Validation"]]>
              </value>
            </param>
          </params>
          <reporter-output>
          </reporter-output>
        </test-method> <!-- runScenario -->
        <test-method signature="runScenario(io.cucumber.testng.PickleWrapper,io.cucumber.testng.FeatureWrapper)[pri:0, instance:testRunner.TestRunner@11fc564b]" started-at="2025-08-12T12:55:37 IST" name="runScenario" description="Runs Cucumber Scenarios" data-provider="scenarios" finished-at="2025-08-12T12:55:39 IST" duration-ms="1706" status="PASS">
          <params>
            <param index="0">
              <value>
                <![CDATA["Validate required Booking Fields with one field missing"]]>
              </value>
            </param>
            <param index="1">
              <value>
                <![CDATA["Ticket Booking – Input Format Validation"]]>
              </value>
            </param>
          </params>
          <reporter-output>
          </reporter-output>
        </test-method> <!-- runScenario -->
        <test-method signature="runScenario(io.cucumber.testng.PickleWrapper,io.cucumber.testng.FeatureWrapper)[pri:0, instance:testRunner.TestRunner@11fc564b]" started-at="2025-08-12T12:55:39 IST" name="runScenario" description="Runs Cucumber Scenarios" data-provider="scenarios" finished-at="2025-08-12T12:55:41 IST" duration-ms="2005" status="PASS">
          <params>
            <param index="0">
              <value>
                <![CDATA["Validate required Booking Fields with one field missing"]]>
              </value>
            </param>
            <param index="1">
              <value>
                <![CDATA["Ticket Booking – Input Format Validation"]]>
              </value>
            </param>
          </params>
          <reporter-output>
          </reporter-output>
        </test-method> <!-- runScenario -->
        <test-method signature="runScenario(io.cucumber.testng.PickleWrapper,io.cucumber.testng.FeatureWrapper)[pri:0, instance:testRunner.TestRunner@11fc564b]" started-at="2025-08-12T12:55:41 IST" name="runScenario" description="Runs Cucumber Scenarios" data-provider="scenarios" finished-at="2025-08-12T12:55:41 IST" duration-ms="188" status="PASS">
          <params>
            <param index="0">
              <value>
                <![CDATA["Validate default value of Time dropdown is displayed"]]>
              </value>
            </param>
            <param index="1">
              <value>
                <![CDATA["Ticket Booking – Input Format Validation"]]>
              </value>
            </param>
          </params>
          <reporter-output>
          </reporter-output>
        </test-method> <!-- runScenario -->
        <test-method is-config="true" signature="tearDownClass()[pri:0, instance:testRunner.TestRunner@11fc564b]" started-at="2025-08-12T12:55:41 IST" name="tearDownClass" finished-at="2025-08-12T12:55:41 IST" duration-ms="19" status="PASS">
          <reporter-output>
          </reporter-output>
        </test-method> <!-- tearDownClass -->
        <test-method is-config="true" signature="closeBrowser()[pri:0, instance:testRunner.TestRunner@11fc564b]" started-at="2025-08-12T12:55:41 IST" name="closeBrowser" finished-at="2025-08-12T12:55:41 IST" duration-ms="180" status="PASS">
          <reporter-output>
          </reporter-output>
        </test-method> <!-- closeBrowser -->
      </class> <!-- testRunner.TestRunner -->
    </test> <!-- Default test -->
  </suite> <!-- Default suite -->
</testng-results>
